<?xml version="1.0" encoding="UTF-8"?>
<!-- Generated by org.testng.reporters.JUnitXMLReporter -->
<testsuite ignored="7" hostname="DESKTOP-2PH7195" failures="0" tests="7" name="Verify that user is able filter Products as per the size" time="43.546" errors="0" timestamp="15 Oct 2021 21:04:07 GMT">
  <testcase classname="com.ziegertEverEstate.qa.tests.ProductPageTests" name="verify_user_is_able_to_filter_Products_by_size" time="2.244"/>
  <testcase classname="com.ziegertEverEstate.qa.tests.ProductPageTests" name="verify_user_is_able_to_filter_Products_by_size" time="2.309"/>
  <testcase classname="com.ziegertEverEstate.qa.tests.ProductPageTests" name="verify_user_is_able_to_filter_Products_by_size" time="2.245"/>
  <testcase classname="com.ziegertEverEstate.qa.tests.ProductPageTests" name="verify_user_is_able_to_filter_Products_by_size" time="12.338"/>
  <testcase classname="com.ziegertEverEstate.qa.tests.ProductPageTests" name="verify_user_is_able_to_filter_Products_by_size" time="2.336"/>
  <testcase classname="com.ziegertEverEstate.qa.tests.ProductPageTests" name="verify_user_is_able_to_filter_Products_by_size" time="2.353"/>
  <testcase classname="com.ziegertEverEstate.qa.tests.ProductPageTests" name="verify_user_is_able_to_filter_Products_by_size" time="2.255"/>
  <testcase classname="com.ziegertEverEstate.qa.tests.ProductPageTests" name="verify_user_is_able_to_sort_Products_from_highest_to_lowest" time="0.0">
    <ignored/>
  </testcase> <!-- verify_user_is_able_to_sort_Products_from_highest_to_lowest -->
  <testcase classname="com.ziegertEverEstate.qa.tests.ProductPageTests" name="verify_user_is_able_to_remove_product_from_cart" time="0.0">
    <ignored/>
  </testcase> <!-- verify_user_is_able_to_remove_product_from_cart -->
  <testcase classname="com.ziegertEverEstate.qa.tests.ProductPageTests" name="verify_user_is_able_to_check_out_products" time="0.0">
    <ignored/>
  </testcase> <!-- verify_user_is_able_to_check_out_products -->
  <testcase classname="com.ziegertEverEstate.qa.tests.ProductPageTests" name="verify_user_can_see_all_Products" time="0.0">
    <ignored/>
  </testcase> <!-- verify_user_can_see_all_Products -->
  <testcase classname="com.ziegertEverEstate.qa.tests.ProductPageTests" name="verify_user_is_able_to_sort_Products_from_lowest_to_highest" time="0.0">
    <ignored/>
  </testcase> <!-- verify_user_is_able_to_sort_Products_from_lowest_to_highest -->
  <testcase classname="com.ziegertEverEstate.qa.tests.ProductPageTests" name="verify_User_Is_On_LandingPage" time="0.0">
    <ignored/>
  </testcase> <!-- verify_User_Is_On_LandingPage -->
  <testcase classname="com.ziegertEverEstate.qa.tests.ProductPageTests" name="verify_user_is_able_to_add_Products_in_cart" time="0.0">
    <ignored/>
  </testcase> <!-- verify_user_is_able_to_add_Products_in_cart -->
</testsuite> <!-- Verify that user is able filter Products as per the size -->
