<?xml version="1.0" encoding="UTF-8"?>
<!-- Generated by org.testng.reporters.JUnitXMLReporter -->
<testsuite ignored="0" hostname="DESKTOP-2PH7195" failures="0" tests="17" name="Verify the Miro Terms and Miro Privacy policy hyperlinks" time="94.115" errors="0" timestamp="15 Oct 2021 20:53:20 GMT">
  <testcase classname="com.ziegertEverEstate.qa.tests.ProductPageTests" name="verify_User_Is_On_LandingPage" time="0.016"/>
  <testcase classname="com.ziegertEverEstate.qa.tests.ProductPageTests" name="verify_user_can_see_all_Products" time="0.792"/>
  <testcase classname="com.ziegertEverEstate.qa.tests.ProductPageTests" name="verify_user_is_able_to_add_Products_in_cart" time="0.844"/>
  <testcase classname="com.ziegertEverEstate.qa.tests.ProductPageTests" name="verify_user_is_able_to_add_Products_in_cart" time="1.229"/>
  <testcase classname="com.ziegertEverEstate.qa.tests.ProductPageTests" name="verify_user_is_able_to_check_out_products" time="0.779"/>
  <testcase classname="com.ziegertEverEstate.qa.tests.ProductPageTests" name="verify_user_is_able_to_check_out_products" time="0.89"/>
  <testcase classname="com.ziegertEverEstate.qa.tests.ProductPageTests" name="verify_user_is_able_to_filter_Products_by_size" time="2.249"/>
  <testcase classname="com.ziegertEverEstate.qa.tests.ProductPageTests" name="verify_user_is_able_to_filter_Products_by_size" time="2.258"/>
  <testcase classname="com.ziegertEverEstate.qa.tests.ProductPageTests" name="verify_user_is_able_to_filter_Products_by_size" time="2.319"/>
  <testcase classname="com.ziegertEverEstate.qa.tests.ProductPageTests" name="verify_user_is_able_to_filter_Products_by_size" time="12.295"/>
  <testcase classname="com.ziegertEverEstate.qa.tests.ProductPageTests" name="verify_user_is_able_to_filter_Products_by_size" time="2.355"/>
  <testcase classname="com.ziegertEverEstate.qa.tests.ProductPageTests" name="verify_user_is_able_to_filter_Products_by_size" time="2.339"/>
  <testcase classname="com.ziegertEverEstate.qa.tests.ProductPageTests" name="verify_user_is_able_to_filter_Products_by_size" time="2.267"/>
  <testcase classname="com.ziegertEverEstate.qa.tests.ProductPageTests" name="verify_user_is_able_to_remove_product_from_cart" time="0.797"/>
  <testcase classname="com.ziegertEverEstate.qa.tests.ProductPageTests" name="verify_user_is_able_to_remove_product_from_cart" time="0.964"/>
  <testcase classname="com.ziegertEverEstate.qa.tests.ProductPageTests" name="verify_user_is_able_to_sort_Products_from_highest_to_lowest" time="2.325"/>
  <testcase classname="com.ziegertEverEstate.qa.tests.ProductPageTests" name="verify_user_is_able_to_sort_Products_from_lowest_to_highest" time="2.309"/>
</testsuite> <!-- Verify the Miro Terms and Miro Privacy policy hyperlinks -->
